"Severity","ThreadID","Date","Time","Application","Message"
"ERROR","http-nio-8888-exec-4","11/05/2015","10:28:10","",";datasource [FSA1] doesn't exist
available datasource names are [];datasource [FSA1] doesn't exist
	at lucee.runtime.exp.DatabaseException.notFoundException(DatabaseException.java:199):199
	at lucee.runtime.PageContextImpl.getDataSource(PageContextImpl.java:3216):3216
	at lucee.runtime.tag.Query.setDatasource(Query.java:253):253
	at officers_cfm$cf.call(/home/matt/site/officers.cfm:1):1
	at lucee.runtime.PageContextImpl.doInclude(PageContextImpl.java:950):950
	at lucee.runtime.listener.ClassicAppListener._onRequest(ClassicAppListener.java:56):56
	at lucee.runtime.listener.MixedAppListener.onRequest(MixedAppListener.java:36):36
	at lucee.runtime.PageContextImpl.execute(PageContextImpl.java:2257):2257
	at lucee.runtime.PageContextImpl.execute(PageContextImpl.java:2224):2224
	at lucee.runtime.engine.CFMLEngineImpl.serviceCFML(CFMLEngineImpl.java:456):456
	at lucee.loader.servlet.CFMLServlet.service(CFMLServlet.java:47):47
	at javax.servlet.http.HttpServlet.service(HttpServlet.java:729):729
	at org.apache.catalina.core.ApplicationFilterChain.internalDoFilter(ApplicationFilterChain.java:291):291
	at org.apache.catalina.core.ApplicationFilterChain.doFilter(ApplicationFilterChain.java:206):206
	at org.apache.tomcat.websocket.server.WsFilter.doFilter(WsFilter.java:52):52
	at org.apache.catalina.core.ApplicationFilterChain.internalDoFilter(ApplicationFilterChain.java:239):239
	at org.apache.catalina.core.ApplicationFilterChain.doFilter(ApplicationFilterChain.java:206):206
	at org.apache.catalina.core.StandardWrapperValve.invoke(StandardWrapperValve.java:219):219
	at org.apache.catalina.core.StandardContextValve.invoke(StandardContextValve.java:106):106
	at org.apache.catalina.authenticator.AuthenticatorBase.invoke(AuthenticatorBase.java:502):502
	at org.apache.catalina.core.StandardHostValve.invoke(StandardHostValve.java:142):142
	at org.apache.catalina.valves.ErrorReportValve.invoke(ErrorReportValve.java:79):79
	at org.apache.catalina.core.StandardEngineValve.invoke(StandardEngineValve.java:88):88
	at org.apache.catalina.connector.CoyoteAdapter.service(CoyoteAdapter.java:518):518
	at org.apache.coyote.http11.AbstractHttp11Processor.process(AbstractHttp11Processor.java:1091):1091
	at org.apache.coyote.AbstractProtocol$AbstractConnectionHandler.process(AbstractProtocol.java:668):668
	at org.apache.tomcat.util.net.NioEndpoint$SocketProcessor.doRun(NioEndpoint.java:1527):1527
	at org.apache.tomcat.util.net.NioEndpoint$SocketProcessor.run(NioEndpoint.java:1484):1484
	at java.util.concurrent.ThreadPoolExecutor.runWorker(ThreadPoolExecutor.java:1142):1142
	at java.util.concurrent.ThreadPoolExecutor$Worker.run(ThreadPoolExecutor.java:617):617
	at org.apache.tomcat.util.threads.TaskThread$WrappingRunnable.run(TaskThread.java:61):61
	at java.lang.Thread.run(Thread.java:745):745
"
"ERROR","http-nio-8888-exec-6","11/05/2015","10:28:59","",";datasource [FSA1] doesn't exist
available datasource names are [];datasource [FSA1] doesn't exist
	at lucee.runtime.exp.DatabaseException.notFoundException(DatabaseException.java:199):199
	at lucee.runtime.PageContextImpl.getDataSource(PageContextImpl.java:3216):3216
	at lucee.runtime.tag.Query.setDatasource(Query.java:253):253
	at eventscal_cfm$cf.call(/home/matt/site/eventsCal.cfm:3):3
	at lucee.runtime.PageContextImpl.doInclude(PageContextImpl.java:950):950
	at lucee.runtime.listener.ClassicAppListener._onRequest(ClassicAppListener.java:56):56
	at lucee.runtime.listener.MixedAppListener.onRequest(MixedAppListener.java:36):36
	at lucee.runtime.PageContextImpl.execute(PageContextImpl.java:2257):2257
	at lucee.runtime.PageContextImpl.execute(PageContextImpl.java:2224):2224
	at lucee.runtime.engine.CFMLEngineImpl.serviceCFML(CFMLEngineImpl.java:456):456
	at lucee.loader.servlet.CFMLServlet.service(CFMLServlet.java:47):47
	at javax.servlet.http.HttpServlet.service(HttpServlet.java:729):729
	at org.apache.catalina.core.ApplicationFilterChain.internalDoFilter(ApplicationFilterChain.java:291):291
	at org.apache.catalina.core.ApplicationFilterChain.doFilter(ApplicationFilterChain.java:206):206
	at org.apache.tomcat.websocket.server.WsFilter.doFilter(WsFilter.java:52):52
	at org.apache.catalina.core.ApplicationFilterChain.internalDoFilter(ApplicationFilterChain.java:239):239
	at org.apache.catalina.core.ApplicationFilterChain.doFilter(ApplicationFilterChain.java:206):206
	at org.apache.catalina.core.StandardWrapperValve.invoke(StandardWrapperValve.java:219):219
	at org.apache.catalina.core.StandardContextValve.invoke(StandardContextValve.java:106):106
	at org.apache.catalina.authenticator.AuthenticatorBase.invoke(AuthenticatorBase.java:502):502
	at org.apache.catalina.core.StandardHostValve.invoke(StandardHostValve.java:142):142
	at org.apache.catalina.valves.ErrorReportValve.invoke(ErrorReportValve.java:79):79
	at org.apache.catalina.core.StandardEngineValve.invoke(StandardEngineValve.java:88):88
	at org.apache.catalina.connector.CoyoteAdapter.service(CoyoteAdapter.java:518):518
	at org.apache.coyote.http11.AbstractHttp11Processor.process(AbstractHttp11Processor.java:1091):1091
	at org.apache.coyote.AbstractProtocol$AbstractConnectionHandler.process(AbstractProtocol.java:668):668
	at org.apache.tomcat.util.net.NioEndpoint$SocketProcessor.doRun(NioEndpoint.java:1527):1527
	at org.apache.tomcat.util.net.NioEndpoint$SocketProcessor.run(NioEndpoint.java:1484):1484
	at java.util.concurrent.ThreadPoolExecutor.runWorker(ThreadPoolExecutor.java:1142):1142
	at java.util.concurrent.ThreadPoolExecutor$Worker.run(ThreadPoolExecutor.java:617):617
	at org.apache.tomcat.util.threads.TaskThread$WrappingRunnable.run(TaskThread.java:61):61
	at java.lang.Thread.run(Thread.java:745):745
"
"ERROR","http-nio-8888-exec-8","11/05/2015","10:29:11","",";datasource [FSA1] doesn't exist
available datasource names are [];datasource [FSA1] doesn't exist
	at lucee.runtime.exp.DatabaseException.notFoundException(DatabaseException.java:199):199
	at lucee.runtime.PageContextImpl.getDataSource(PageContextImpl.java:3216):3216
	at lucee.runtime.tag.Query.setDatasource(Query.java:253):253
	at localsvcs_cfm$cf.call(/home/matt/site/localSvcs.cfm:2):2
	at lucee.runtime.PageContextImpl.doInclude(PageContextImpl.java:950):950
	at lucee.runtime.listener.ClassicAppListener._onRequest(ClassicAppListener.java:56):56
	at lucee.runtime.listener.MixedAppListener.onRequest(MixedAppListener.java:36):36
	at lucee.runtime.PageContextImpl.execute(PageContextImpl.java:2257):2257
	at lucee.runtime.PageContextImpl.execute(PageContextImpl.java:2224):2224
	at lucee.runtime.engine.CFMLEngineImpl.serviceCFML(CFMLEngineImpl.java:456):456
	at lucee.loader.servlet.CFMLServlet.service(CFMLServlet.java:47):47
	at javax.servlet.http.HttpServlet.service(HttpServlet.java:729):729
	at org.apache.catalina.core.ApplicationFilterChain.internalDoFilter(ApplicationFilterChain.java:291):291
	at org.apache.catalina.core.ApplicationFilterChain.doFilter(ApplicationFilterChain.java:206):206
	at org.apache.tomcat.websocket.server.WsFilter.doFilter(WsFilter.java:52):52
	at org.apache.catalina.core.ApplicationFilterChain.internalDoFilter(ApplicationFilterChain.java:239):239
	at org.apache.catalina.core.ApplicationFilterChain.doFilter(ApplicationFilterChain.java:206):206
	at org.apache.catalina.core.StandardWrapperValve.invoke(StandardWrapperValve.java:219):219
	at org.apache.catalina.core.StandardContextValve.invoke(StandardContextValve.java:106):106
	at org.apache.catalina.authenticator.AuthenticatorBase.invoke(AuthenticatorBase.java:502):502
	at org.apache.catalina.core.StandardHostValve.invoke(StandardHostValve.java:142):142
	at org.apache.catalina.valves.ErrorReportValve.invoke(ErrorReportValve.java:79):79
	at org.apache.catalina.core.StandardEngineValve.invoke(StandardEngineValve.java:88):88
	at org.apache.catalina.connector.CoyoteAdapter.service(CoyoteAdapter.java:518):518
	at org.apache.coyote.http11.AbstractHttp11Processor.process(AbstractHttp11Processor.java:1091):1091
	at org.apache.coyote.AbstractProtocol$AbstractConnectionHandler.process(AbstractProtocol.java:668):668
	at org.apache.tomcat.util.net.NioEndpoint$SocketProcessor.doRun(NioEndpoint.java:1527):1527
	at org.apache.tomcat.util.net.NioEndpoint$SocketProcessor.run(NioEndpoint.java:1484):1484
	at java.util.concurrent.ThreadPoolExecutor.runWorker(ThreadPoolExecutor.java:1142):1142
	at java.util.concurrent.ThreadPoolExecutor$Worker.run(ThreadPoolExecutor.java:617):617
	at org.apache.tomcat.util.threads.TaskThread$WrappingRunnable.run(TaskThread.java:61):61
	at java.lang.Thread.run(Thread.java:745):745
"
"ERROR","http-nio-8888-exec-9","11/05/2015","10:29:14","",";datasource [FSA1] doesn't exist
available datasource names are [];datasource [FSA1] doesn't exist
	at lucee.runtime.exp.DatabaseException.notFoundException(DatabaseException.java:199):199
	at lucee.runtime.PageContextImpl.getDataSource(PageContextImpl.java:3216):3216
	at lucee.runtime.tag.Query.setDatasource(Query.java:253):253
	at newsphotos.news_cfm$cf.call(/home/matt/site/NewsPhotos/news.cfm:1):1
	at lucee.runtime.PageContextImpl.doInclude(PageContextImpl.java:950):950
	at lucee.runtime.listener.ClassicAppListener._onRequest(ClassicAppListener.java:56):56
	at lucee.runtime.listener.MixedAppListener.onRequest(MixedAppListener.java:36):36
	at lucee.runtime.PageContextImpl.execute(PageContextImpl.java:2257):2257
	at lucee.runtime.PageContextImpl.execute(PageContextImpl.java:2224):2224
	at lucee.runtime.engine.CFMLEngineImpl.serviceCFML(CFMLEngineImpl.java:456):456
	at lucee.loader.servlet.CFMLServlet.service(CFMLServlet.java:47):47
	at javax.servlet.http.HttpServlet.service(HttpServlet.java:729):729
	at org.apache.catalina.core.ApplicationFilterChain.internalDoFilter(ApplicationFilterChain.java:291):291
	at org.apache.catalina.core.ApplicationFilterChain.doFilter(ApplicationFilterChain.java:206):206
	at org.apache.tomcat.websocket.server.WsFilter.doFilter(WsFilter.java:52):52
	at org.apache.catalina.core.ApplicationFilterChain.internalDoFilter(ApplicationFilterChain.java:239):239
	at org.apache.catalina.core.ApplicationFilterChain.doFilter(ApplicationFilterChain.java:206):206
	at org.apache.catalina.core.StandardWrapperValve.invoke(StandardWrapperValve.java:219):219
	at org.apache.catalina.core.StandardContextValve.invoke(StandardContextValve.java:106):106
	at org.apache.catalina.authenticator.AuthenticatorBase.invoke(AuthenticatorBase.java:502):502
	at org.apache.catalina.core.StandardHostValve.invoke(StandardHostValve.java:142):142
	at org.apache.catalina.valves.ErrorReportValve.invoke(ErrorReportValve.java:79):79
	at org.apache.catalina.core.StandardEngineValve.invoke(StandardEngineValve.java:88):88
	at org.apache.catalina.connector.CoyoteAdapter.service(CoyoteAdapter.java:518):518
	at org.apache.coyote.http11.AbstractHttp11Processor.process(AbstractHttp11Processor.java:1091):1091
	at org.apache.coyote.AbstractProtocol$AbstractConnectionHandler.process(AbstractProtocol.java:668):668
	at org.apache.tomcat.util.net.NioEndpoint$SocketProcessor.doRun(NioEndpoint.java:1527):1527
	at org.apache.tomcat.util.net.NioEndpoint$SocketProcessor.run(NioEndpoint.java:1484):1484
	at java.util.concurrent.ThreadPoolExecutor.runWorker(ThreadPoolExecutor.java:1142):1142
	at java.util.concurrent.ThreadPoolExecutor$Worker.run(ThreadPoolExecutor.java:617):617
	at org.apache.tomcat.util.threads.TaskThread$WrappingRunnable.run(TaskThread.java:61):61
	at java.lang.Thread.run(Thread.java:745):745
"
"ERROR","http-nio-8888-exec-10","11/05/2015","10:29:18","",";datasource [FSA1] doesn't exist
available datasource names are [];datasource [FSA1] doesn't exist
	at lucee.runtime.exp.DatabaseException.notFoundException(DatabaseException.java:199):199
	at lucee.runtime.PageContextImpl.getDataSource(PageContextImpl.java:3216):3216
	at lucee.runtime.tag.Query.setDatasource(Query.java:253):253
	at links_cfm$cf.call(/home/matt/site/links.cfm:3):3
	at lucee.runtime.PageContextImpl.doInclude(PageContextImpl.java:950):950
	at lucee.runtime.listener.ClassicAppListener._onRequest(ClassicAppListener.java:56):56
	at lucee.runtime.listener.MixedAppListener.onRequest(MixedAppListener.java:36):36
	at lucee.runtime.PageContextImpl.execute(PageContextImpl.java:2257):2257
	at lucee.runtime.PageContextImpl.execute(PageContextImpl.java:2224):2224
	at lucee.runtime.engine.CFMLEngineImpl.serviceCFML(CFMLEngineImpl.java:456):456
	at lucee.loader.servlet.CFMLServlet.service(CFMLServlet.java:47):47
	at javax.servlet.http.HttpServlet.service(HttpServlet.java:729):729
	at org.apache.catalina.core.ApplicationFilterChain.internalDoFilter(ApplicationFilterChain.java:291):291
	at org.apache.catalina.core.ApplicationFilterChain.doFilter(ApplicationFilterChain.java:206):206
	at org.apache.tomcat.websocket.server.WsFilter.doFilter(WsFilter.java:52):52
	at org.apache.catalina.core.ApplicationFilterChain.internalDoFilter(ApplicationFilterChain.java:239):239
	at org.apache.catalina.core.ApplicationFilterChain.doFilter(ApplicationFilterChain.java:206):206
	at org.apache.catalina.core.StandardWrapperValve.invoke(StandardWrapperValve.java:219):219
	at org.apache.catalina.core.StandardContextValve.invoke(StandardContextValve.java:106):106
	at org.apache.catalina.authenticator.AuthenticatorBase.invoke(AuthenticatorBase.java:502):502
	at org.apache.catalina.core.StandardHostValve.invoke(StandardHostValve.java:142):142
	at org.apache.catalina.valves.ErrorReportValve.invoke(ErrorReportValve.java:79):79
	at org.apache.catalina.core.StandardEngineValve.invoke(StandardEngineValve.java:88):88
	at org.apache.catalina.connector.CoyoteAdapter.service(CoyoteAdapter.java:518):518
	at org.apache.coyote.http11.AbstractHttp11Processor.process(AbstractHttp11Processor.java:1091):1091
	at org.apache.coyote.AbstractProtocol$AbstractConnectionHandler.process(AbstractProtocol.java:668):668
	at org.apache.tomcat.util.net.NioEndpoint$SocketProcessor.doRun(NioEndpoint.java:1527):1527
	at org.apache.tomcat.util.net.NioEndpoint$SocketProcessor.run(NioEndpoint.java:1484):1484
	at java.util.concurrent.ThreadPoolExecutor.runWorker(ThreadPoolExecutor.java:1142):1142
	at java.util.concurrent.ThreadPoolExecutor$Worker.run(ThreadPoolExecutor.java:617):617
	at org.apache.tomcat.util.threads.TaskThread$WrappingRunnable.run(TaskThread.java:61):61
	at java.lang.Thread.run(Thread.java:745):745
"
"ERROR","http-nio-8888-exec-7","11/05/2015","11:42:03","",";can't cast [Nov 5, 2015] string to a number value;can't cast [Nov 5, 2015] string to a number value
	at lucee.runtime.op.Caster.toDoubleValueViaDate(Caster.java:553):553
	at lucee.runtime.op.Caster.toDoubleValue(Caster.java:518):518
	at lucee.runtime.op.Caster.toDoubleValue(Caster.java:438):438
	at lucee.runtime.op.Operator.minusRef(Operator.java:901):901
	at eventscal_cfm$cf.call(/home/matt/site/eventsCal.cfm:6):6
	at lucee.runtime.PageContextImpl.doInclude(PageContextImpl.java:950):950
	at lucee.runtime.listener.ClassicAppListener._onRequest(ClassicAppListener.java:56):56
	at lucee.runtime.listener.MixedAppListener.onRequest(MixedAppListener.java:36):36
	at lucee.runtime.PageContextImpl.execute(PageContextImpl.java:2257):2257
	at lucee.runtime.PageContextImpl.execute(PageContextImpl.java:2224):2224
	at lucee.runtime.engine.CFMLEngineImpl.serviceCFML(CFMLEngineImpl.java:456):456
	at lucee.loader.servlet.CFMLServlet.service(CFMLServlet.java:47):47
	at javax.servlet.http.HttpServlet.service(HttpServlet.java:729):729
	at org.apache.catalina.core.ApplicationFilterChain.internalDoFilter(ApplicationFilterChain.java:291):291
	at org.apache.catalina.core.ApplicationFilterChain.doFilter(ApplicationFilterChain.java:206):206
	at org.apache.tomcat.websocket.server.WsFilter.doFilter(WsFilter.java:52):52
	at org.apache.catalina.core.ApplicationFilterChain.internalDoFilter(ApplicationFilterChain.java:239):239
	at org.apache.catalina.core.ApplicationFilterChain.doFilter(ApplicationFilterChain.java:206):206
	at org.apache.catalina.core.StandardWrapperValve.invoke(StandardWrapperValve.java:219):219
	at org.apache.catalina.core.StandardContextValve.invoke(StandardContextValve.java:106):106
	at org.apache.catalina.authenticator.AuthenticatorBase.invoke(AuthenticatorBase.java:502):502
	at org.apache.catalina.core.StandardHostValve.invoke(StandardHostValve.java:142):142
	at org.apache.catalina.valves.ErrorReportValve.invoke(ErrorReportValve.java:79):79
	at org.apache.catalina.core.StandardEngineValve.invoke(StandardEngineValve.java:88):88
	at org.apache.catalina.connector.CoyoteAdapter.service(CoyoteAdapter.java:518):518
	at org.apache.coyote.http11.AbstractHttp11Processor.process(AbstractHttp11Processor.java:1091):1091
	at org.apache.coyote.AbstractProtocol$AbstractConnectionHandler.process(AbstractProtocol.java:668):668
	at org.apache.tomcat.util.net.NioEndpoint$SocketProcessor.doRun(NioEndpoint.java:1527):1527
	at org.apache.tomcat.util.net.NioEndpoint$SocketProcessor.run(NioEndpoint.java:1484):1484
	at java.util.concurrent.ThreadPoolExecutor.runWorker(ThreadPoolExecutor.java:1142):1142
	at java.util.concurrent.ThreadPoolExecutor$Worker.run(ThreadPoolExecutor.java:617):617
	at org.apache.tomcat.util.threads.TaskThread$WrappingRunnable.run(TaskThread.java:61):61
	at java.lang.Thread.run(Thread.java:745):745
"
"ERROR","http-nio-8888-exec-4","11/05/2015","11:46:37","",";key [DATASOURCE] doesn't exist;key [DATASOURCE] doesn't exist
	at lucee.runtime.type.util.StructSupport.invalidKey(StructSupport.java:66):66
	at lucee.runtime.type.StructImpl.get(StructImpl.java:120):120
	at adminwk.emploginchk_cfm$cf.call(/home/matt/site/adminwk/empLoginChk.cfm:9):9
	at lucee.runtime.PageContextImpl.doInclude(PageContextImpl.java:950):950
	at lucee.runtime.PageContextImpl.doInclude(PageContextImpl.java:854):854
	at adminwk.emplogin_cfm$cf.call(/home/matt/site/adminwk/empLogin.cfm:4):4
	at lucee.runtime.PageContextImpl.doInclude(PageContextImpl.java:950):950
	at lucee.runtime.PageContextImpl.doInclude(PageContextImpl.java:854):854
	at adminwk.index_cfm$cf.call(/home/matt/site/adminwk/index.cfm:9):9
	at lucee.runtime.PageContextImpl.doInclude(PageContextImpl.java:950):950
	at lucee.runtime.listener.ClassicAppListener._onRequest(ClassicAppListener.java:56):56
	at lucee.runtime.listener.MixedAppListener.onRequest(MixedAppListener.java:36):36
	at lucee.runtime.PageContextImpl.execute(PageContextImpl.java:2257):2257
	at lucee.runtime.PageContextImpl.execute(PageContextImpl.java:2224):2224
	at lucee.runtime.engine.CFMLEngineImpl.serviceCFML(CFMLEngineImpl.java:456):456
	at lucee.loader.servlet.CFMLServlet.service(CFMLServlet.java:47):47
	at javax.servlet.http.HttpServlet.service(HttpServlet.java:729):729
	at org.apache.catalina.core.ApplicationFilterChain.internalDoFilter(ApplicationFilterChain.java:291):291
	at org.apache.catalina.core.ApplicationFilterChain.doFilter(ApplicationFilterChain.java:206):206
	at org.apache.tomcat.websocket.server.WsFilter.doFilter(WsFilter.java:52):52
	at org.apache.catalina.core.ApplicationFilterChain.internalDoFilter(ApplicationFilterChain.java:239):239
	at org.apache.catalina.core.ApplicationFilterChain.doFilter(ApplicationFilterChain.java:206):206
	at org.apache.catalina.core.StandardWrapperValve.invoke(StandardWrapperValve.java:219):219
	at org.apache.catalina.core.StandardContextValve.invoke(StandardContextValve.java:106):106
	at org.apache.catalina.authenticator.AuthenticatorBase.invoke(AuthenticatorBase.java:502):502
	at org.apache.catalina.core.StandardHostValve.invoke(StandardHostValve.java:142):142
	at org.apache.catalina.valves.ErrorReportValve.invoke(ErrorReportValve.java:79):79
	at org.apache.catalina.core.StandardEngineValve.invoke(StandardEngineValve.java:88):88
	at org.apache.catalina.connector.CoyoteAdapter.service(CoyoteAdapter.java:518):518
	at org.apache.coyote.http11.AbstractHttp11Processor.process(AbstractHttp11Processor.java:1091):1091
	at org.apache.coyote.AbstractProtocol$AbstractConnectionHandler.process(AbstractProtocol.java:668):668
	at org.apache.tomcat.util.net.NioEndpoint$SocketProcessor.doRun(NioEndpoint.java:1527):1527
	at org.apache.tomcat.util.net.NioEndpoint$SocketProcessor.run(NioEndpoint.java:1484):1484
	at java.util.concurrent.ThreadPoolExecutor.runWorker(ThreadPoolExecutor.java:1142):1142
	at java.util.concurrent.ThreadPoolExecutor$Worker.run(ThreadPoolExecutor.java:617):617
	at org.apache.tomcat.util.threads.TaskThread$WrappingRunnable.run(TaskThread.java:61):61
	at java.lang.Thread.run(Thread.java:745):745
"
"ERROR","http-nio-8888-exec-10","11/05/2015","11:48:10","",";undefined tag [cftooltip];undefined tag [cftooltip]
	at lucee.transformer.cfml.tag.CFMLTransformer.tag(CFMLTransformer.java:525):525
	at lucee.transformer.cfml.tag.CFMLTransformer.body(CFMLTransformer.java:331):331
	at lucee.transformer.cfml.tag.CFMLTransformer.body(CFMLTransformer.java:339):339
	at lucee.transformer.cfml.tag.CFMLTransformer.body(CFMLTransformer.java:339):339
	at lucee.transformer.cfml.tag.CFMLTransformer.body(CFMLTransformer.java:339):339
	at lucee.transformer.cfml.tag.CFMLTransformer.tag(CFMLTransformer.java:651):651
	at lucee.transformer.cfml.tag.CFMLTransformer.body(CFMLTransformer.java:331):331
	at lucee.transformer.cfml.tag.CFMLTransformer.body(CFMLTransformer.java:339):339
	at lucee.transformer.cfml.tag.CFMLTransformer.tag(CFMLTransformer.java:651):651
	at lucee.transformer.cfml.tag.CFMLTransformer.body(CFMLTransformer.java:331):331
	at lucee.transformer.cfml.tag.CFMLTransformer.body(CFMLTransformer.java:339):339
	at lucee.transformer.cfml.tag.CFMLTransformer.transform(CFMLTransformer.java:271):271
	at lucee.transformer.cfml.tag.CFMLTransformer.transform(CFMLTransformer.java:142):142
	at lucee.runtime.compiler.CFMLCompilerImpl.compile(CFMLCompilerImpl.java:71):71
	at lucee.runtime.PageSourceImpl._compile(PageSourceImpl.java:335):335
	at lucee.runtime.PageSourceImpl.compile(PageSourceImpl.java:309):309
	at lucee.runtime.PageSourceImpl.loadPhysical(PageSourceImpl.java:268):268
	at lucee.runtime.PageSourceImpl.loadPage(PageSourceImpl.java:192):192
	at lucee.runtime.PageSourceImpl.loadPage(PageSourceImpl.java:912):912
	at lucee.runtime.PageContextImpl.doInclude(PageContextImpl.java:946):946
	at lucee.runtime.listener.ClassicAppListener._onRequest(ClassicAppListener.java:56):56
	at lucee.runtime.listener.MixedAppListener.onRequest(MixedAppListener.java:36):36
	at lucee.runtime.PageContextImpl.execute(PageContextImpl.java:2257):2257
	at lucee.runtime.PageContextImpl.execute(PageContextImpl.java:2224):2224
	at lucee.runtime.engine.CFMLEngineImpl.serviceCFML(CFMLEngineImpl.java:456):456
	at lucee.loader.servlet.CFMLServlet.service(CFMLServlet.java:47):47
	at javax.servlet.http.HttpServlet.service(HttpServlet.java:729):729
	at org.apache.catalina.core.ApplicationFilterChain.internalDoFilter(ApplicationFilterChain.java:291):291
	at org.apache.catalina.core.ApplicationFilterChain.doFilter(ApplicationFilterChain.java:206):206
	at org.apache.tomcat.websocket.server.WsFilter.doFilter(WsFilter.java:52):52
	at org.apache.catalina.core.ApplicationFilterChain.internalDoFilter(ApplicationFilterChain.java:239):239
	at org.apache.catalina.core.ApplicationFilterChain.doFilter(ApplicationFilterChain.java:206):206
	at org.apache.catalina.core.StandardWrapperValve.invoke(StandardWrapperValve.java:219):219
	at org.apache.catalina.core.StandardContextValve.invoke(StandardContextValve.java:106):106
	at org.apache.catalina.authenticator.AuthenticatorBase.invoke(AuthenticatorBase.java:502):502
	at org.apache.catalina.core.StandardHostValve.invoke(StandardHostValve.java:142):142
	at org.apache.catalina.valves.ErrorReportValve.invoke(ErrorReportValve.java:79):79
	at org.apache.catalina.core.StandardEngineValve.invoke(StandardEngineValve.java:88):88
	at org.apache.catalina.connector.CoyoteAdapter.service(CoyoteAdapter.java:518):518
	at org.apache.coyote.http11.AbstractHttp11Processor.process(AbstractHttp11Processor.java:1091):1091
	at org.apache.coyote.AbstractProtocol$AbstractConnectionHandler.process(AbstractProtocol.java:668):668
	at org.apache.tomcat.util.net.NioEndpoint$SocketProcessor.doRun(NioEndpoint.java:1527):1527
	at org.apache.tomcat.util.net.NioEndpoint$SocketProcessor.run(NioEndpoint.java:1484):1484
	at java.util.concurrent.ThreadPoolExecutor.runWorker(ThreadPoolExecutor.java:1142):1142
	at java.util.concurrent.ThreadPoolExecutor$Worker.run(ThreadPoolExecutor.java:617):617
	at org.apache.tomcat.util.threads.TaskThread$WrappingRunnable.run(TaskThread.java:61):61
	at java.lang.Thread.run(Thread.java:745):745
"
